<?xml version="1.0" encoding="UTF-8"?>
<testng-results ignored="0" total="1" passed="1" failed="0" skipped="0">
  <reporter-output>
  </reporter-output>
  <suite started-at="2023-07-07T10:14:43 IST" name="Default suite" finished-at="2023-07-07T10:18:29 IST" duration-ms="225963">
    <groups>
    </groups>
    <test started-at="2023-07-07T10:14:43 IST" name="Default test" finished-at="2023-07-07T10:18:29 IST" duration-ms="225963">
      <class name="Test.Testpgrm">
        <test-method is-config="true" signature="setup()[pri:0, instance:Test.Testpgrm@bae7dc0]" started-at="2023-07-07T10:14:43 IST" name="setup" finished-at="2023-07-07T10:15:18 IST" duration-ms="34822" status="PASS">
          <reporter-output>
          </reporter-output>
        </test-method> <!-- setup -->
        <test-method signature="testing()[pri:0, instance:Test.Testpgrm@bae7dc0]" started-at="2023-07-07T10:15:18 IST" name="testing" finished-at="2023-07-07T10:18:29 IST" duration-ms="190977" status="PASS">
          <reporter-output>
          </reporter-output>
        </test-method> <!-- testing -->
      </class> <!-- Test.Testpgrm -->
    </test> <!-- Default test -->
  </suite> <!-- Default suite -->
</testng-results>
